This is pdfTeX, Version 3.14159265-2.6-1.40.15 (TeX Live 2014) (preloaded format=pdflatex 2016.1.26)  26 JAN 2016 17:12
entering extended mode
 restricted \write18 enabled.
 %&-line parsing enabled.
**izvestaj.tex
(./izvestaj.tex
LaTeX2e <2011/06/27>
Babel <3.9k> and hyphenation patterns for 2 languages loaded.
(/usr/share/texlive/texmf-dist/tex/latex/base/report.cls
Document Class: report 2007/10/19 v1.4h Standard LaTeX document class
(/usr/share/texlive/texmf-dist/tex/latex/base/size10.clo
File: size10.clo 2007/10/19 v1.4h Standard LaTeX file (size option)
)
\c@part=\count79
\c@chapter=\count80
\c@section=\count81
\c@subsection=\count82
\c@subsubsection=\count83
\c@paragraph=\count84
\c@subparagraph=\count85
\c@figure=\count86
\c@table=\count87
\abovecaptionskip=\skip41
\belowcaptionskip=\skip42
\bibindent=\dimen102
)
(/usr/share/texlive/texmf-dist/tex/latex/graphics/graphicx.sty
Package: graphicx 1999/02/16 v1.0f Enhanced LaTeX Graphics (DPC,SPQR)

(/usr/share/texlive/texmf-dist/tex/latex/graphics/keyval.sty
Package: keyval 1999/03/16 v1.13 key=value parser (DPC)
\KV@toks@=\toks14
)
(/usr/share/texlive/texmf-dist/tex/latex/graphics/graphics.sty
Package: graphics 2009/02/05 v1.0o Standard LaTeX Graphics (DPC,SPQR)

(/usr/share/texlive/texmf-dist/tex/latex/graphics/trig.sty
Package: trig 1999/03/16 v1.09 sin cos tan (DPC)
)
(/usr/share/texlive/texmf-dist/tex/latex/latexconfig/graphics.cfg
File: graphics.cfg 2010/04/23 v1.9 graphics configuration of TeX Live
)
Package graphics Info: Driver file: pdftex.def on input line 91.

(/usr/share/texlive/texmf-dist/tex/latex/pdftex-def/pdftex.def
File: pdftex.def 2011/05/27 v0.06d Graphics/color for pdfTeX

(/usr/share/texlive/texmf-dist/tex/generic/oberdiek/infwarerr.sty
Package: infwarerr 2010/04/08 v1.3 Providing info/warning/error messages (HO)
)
(/usr/share/texlive/texmf-dist/tex/generic/oberdiek/ltxcmds.sty
Package: ltxcmds 2011/11/09 v1.22 LaTeX kernel commands for general use (HO)
)
\Gread@gobject=\count88
))
\Gin@req@height=\dimen103
\Gin@req@width=\dimen104
)
(/usr/share/texlive/texmf-dist/tex/latex/preprint/fullpage.sty
Package: fullpage 1999/02/23 1.1 (PWD)
\FP@margin=\skip43
) (./izvestaj.aux)
\openout1 = `izvestaj.aux'.

LaTeX Font Info:    Checking defaults for OML/cmm/m/it on input line 18.
LaTeX Font Info:    ... okay on input line 18.
LaTeX Font Info:    Checking defaults for T1/cmr/m/n on input line 18.
LaTeX Font Info:    ... okay on input line 18.
LaTeX Font Info:    Checking defaults for OT1/cmr/m/n on input line 18.
LaTeX Font Info:    ... okay on input line 18.
LaTeX Font Info:    Checking defaults for OMS/cmsy/m/n on input line 18.
LaTeX Font Info:    ... okay on input line 18.
LaTeX Font Info:    Checking defaults for OMX/cmex/m/n on input line 18.
LaTeX Font Info:    ... okay on input line 18.
LaTeX Font Info:    Checking defaults for U/cmr/m/n on input line 18.
LaTeX Font Info:    ... okay on input line 18.
 (/usr/share/texlive/texmf-dist/tex/context/base/supp-pdf.mkii
[Loading MPS to PDF converter (version 2006.09.02).]
\scratchcounter=\count89
\scratchdimen=\dimen105
\scratchbox=\box26
\nofMPsegments=\count90
\nofMParguments=\count91
\everyMPshowfont=\toks15
\MPscratchCnt=\count92
\MPscratchDim=\dimen106
\MPnumerator=\count93
\makeMPintoPDFobject=\count94
\everyMPtoPDFconversion=\toks16
) (/usr/share/texlive/texmf-dist/tex/generic/oberdiek/pdftexcmds.sty
Package: pdftexcmds 2011/11/29 v0.20 Utility functions of pdfTeX for LuaTeX (HO
)

(/usr/share/texlive/texmf-dist/tex/generic/oberdiek/ifluatex.sty
Package: ifluatex 2010/03/01 v1.3 Provides the ifluatex switch (HO)
Package ifluatex Info: LuaTeX not detected.
)
(/usr/share/texlive/texmf-dist/tex/generic/oberdiek/ifpdf.sty
Package: ifpdf 2011/01/30 v2.3 Provides the ifpdf switch (HO)
Package ifpdf Info: pdfTeX in PDF mode is detected.
)
Package pdftexcmds Info: LuaTeX not detected.
Package pdftexcmds Info: \pdf@primitive is available.
Package pdftexcmds Info: \pdf@ifprimitive is available.
Package pdftexcmds Info: \pdfdraftmode found.
)
(/usr/share/texlive/texmf-dist/tex/latex/oberdiek/epstopdf-base.sty
Package: epstopdf-base 2010/02/09 v2.5 Base part for package epstopdf

(/usr/share/texlive/texmf-dist/tex/latex/oberdiek/grfext.sty
Package: grfext 2010/08/19 v1.1 Manage graphics extensions (HO)

(/usr/share/texlive/texmf-dist/tex/generic/oberdiek/kvdefinekeys.sty
Package: kvdefinekeys 2011/04/07 v1.3 Define keys (HO)
))
(/usr/share/texlive/texmf-dist/tex/latex/oberdiek/kvoptions.sty
Package: kvoptions 2011/06/30 v3.11 Key value format for package options (HO)

(/usr/share/texlive/texmf-dist/tex/generic/oberdiek/kvsetkeys.sty
Package: kvsetkeys 2012/04/25 v1.16 Key value parser (HO)

(/usr/share/texlive/texmf-dist/tex/generic/oberdiek/etexcmds.sty
Package: etexcmds 2011/02/16 v1.5 Avoid name clashes with e-TeX commands (HO)
Package etexcmds Info: Could not find \expanded.
(etexcmds)             That can mean that you are not using pdfTeX 1.50 or
(etexcmds)             that some package has redefined \expanded.
(etexcmds)             In the latter case, load this package earlier.
)))
Package grfext Info: Graphics extension search list:
(grfext)             [.png,.pdf,.jpg,.mps,.jpeg,.jbig2,.jb2,.PNG,.PDF,.JPG,.JPE
G,.JBIG2,.JB2,.eps]
(grfext)             \AppendGraphicsExtensions on input line 452.

(/usr/share/texlive/texmf-dist/tex/latex/latexconfig/epstopdf-sys.cfg
File: epstopdf-sys.cfg 2010/07/13 v1.3 Configuration of (r)epstopdf for TeX Liv
e
))
LaTeX Font Info:    External font `cmex10' loaded for size
(Font)              <12> on input line 19.
LaTeX Font Info:    External font `cmex10' loaded for size
(Font)              <8> on input line 19.
LaTeX Font Info:    External font `cmex10' loaded for size
(Font)              <6> on input line 19.

[1

{/usr/share/texlive/texmf-dist/fonts/map/pdftex/updmap/pdftex.map}]
<A1input.png, id=10, 421.575pt x 316.18124pt>
File: A1input.png Graphic file (type png)
 <use A1input.png>
Package pdftex.def Info: A1input.png used on input line 29.
(pdftex.def)             Requested size: 421.57396pt x 316.18047pt.
 [1 <./A1input.png (PNG copy)>]
<A1performancePerceptron.png, id=15, 423.08063pt x 317.68687pt>
File: A1performancePerceptron.png Graphic file (type png)

<use A1performancePerceptron.png>
Package pdftex.def Info: A1performancePerceptron.png used on input line 47.
(pdftex.def)             Requested size: 338.46495pt x 254.14983pt.

<A1outputPerceptronSame.png, id=16, 421.575pt x 316.18124pt>
File: A1outputPerceptronSame.png Graphic file (type png)

<use A1outputPerceptronSame.png>
Package pdftex.def Info: A1outputPerceptronSame.png used on input line 54.
(pdftex.def)             Requested size: 337.26045pt x 252.94533pt.

<A1confussionPerceptron.png, id=17, 374.90062pt x 375.65344pt>
File: A1confussionPerceptron.png Graphic file (type png)

<use A1confussionPerceptron.png>
Package pdftex.def Info: A1confussionPerceptron.png used on input line 61.
(pdftex.def)             Requested size: 262.42863pt x 262.9556pt.


LaTeX Warning: `!h' float specifier changed to `!ht'.

<A1outputPerceptronRandom50000.png, id=18, 421.575pt x 316.18124pt>
File: A1outputPerceptronRandom50000.png Graphic file (type png)

<use A1outputPerceptronRandom50000.png>
Package pdftex.def Info: A1outputPerceptronRandom50000.png used on input line 6
8.
(pdftex.def)             Requested size: 337.26045pt x 252.94533pt.


LaTeX Warning: `!h' float specifier changed to `!ht'.

[2 <./A1performancePerceptron.png> <./A1outputPerceptronSame.png (PNG copy)>]

LaTeX Warning: Text page 3 contains only floats.

[3 <./A1confussionPerceptron.png> <./A1outputPerceptronRandom50000.png (PNG cop
y)>] <A1performanceFF1early.png, id=25, 421.575pt x 315.42844pt>
File: A1performanceFF1early.png Graphic file (type png)

<use A1performanceFF1early.png>
Package pdftex.def Info: A1performanceFF1early.png used on input line 88.
(pdftex.def)             Requested size: 337.26045pt x 252.34308pt.

<A1outputFF1earlySame.png, id=26, 421.575pt x 316.18124pt>
File: A1outputFF1earlySame.png Graphic file (type png)

<use A1outputFF1earlySame.png>
Package pdftex.def Info: A1outputFF1earlySame.png used on input line 95.
(pdftex.def)             Requested size: 337.26045pt x 252.94533pt.

<A1confussionFF1early.png, id=27, 376.40625pt x 377.15906pt>
File: A1confussionFF1early.png Graphic file (type png)

<use A1confussionFF1early.png>
Package pdftex.def Info: A1confussionFF1early.png used on input line 102.
(pdftex.def)             Requested size: 263.48257pt x 264.00954pt.


LaTeX Warning: `!h' float specifier changed to `!ht'.

<A1outputFF1earlyRandom50000.png, id=28, 421.575pt x 316.18124pt>
File: A1outputFF1earlyRandom50000.png Graphic file (type png)

<use A1outputFF1earlyRandom50000.png>
Package pdftex.def Info: A1outputFF1earlyRandom50000.png used on input line 109
.
(pdftex.def)             Requested size: 337.26045pt x 252.94533pt.


LaTeX Warning: `!h' float specifier changed to `!ht'.

[4 <./A1performanceFF1early.png> <./A1outputFF1earlySame.png (PNG copy)>]

LaTeX Warning: Text page 5 contains only floats.

[5 <./A1confussionFF1early.png> <./A1outputFF1earlyRandom50000.png (PNG copy)>]
<A1performanceFF1.png, id=35, 422.32782pt x 314.67563pt>
File: A1performanceFF1.png Graphic file (type png)

<use A1performanceFF1.png>
Package pdftex.def Info: A1performanceFF1.png used on input line 120.
(pdftex.def)             Requested size: 337.8627pt x 251.74083pt.
File: A1outputFF1earlySame.png Graphic file (type png)
 <use A1outputFF1earlySame.png>
Package pdftex.def Info: A1outputFF1earlySame.png used on input line 127.
(pdftex.def)             Requested size: 337.26045pt x 252.94533pt.
File: A1confussionFF1early.png Graphic file (type png)

<use A1confussionFF1early.png>
Package pdftex.def Info: A1confussionFF1early.png used on input line 134.
(pdftex.def)             Requested size: 263.48257pt x 264.00954pt.


LaTeX Warning: `!h' float specifier changed to `!ht'.

<A1outputFF1Random50000.png, id=36, 421.575pt x 316.18124pt>
File: A1outputFF1Random50000.png Graphic file (type png)

<use A1outputFF1Random50000.png>
Package pdftex.def Info: A1outputFF1Random50000.png used on input line 141.
(pdftex.def)             Requested size: 337.26045pt x 252.94533pt.


LaTeX Warning: `!h' float specifier changed to `!ht'.

[6 <./A1performanceFF1.png>]

LaTeX Warning: Text page 7 contains only floats.

[7 <./A1outputFF1Random50000.png (PNG copy)>]
<A1performanceFF2early.png, id=44, 421.575pt x 316.18124pt>
File: A1performanceFF2early.png Graphic file (type png)

<use A1performanceFF2early.png>
Package pdftex.def Info: A1performanceFF2early.png used on input line 160.
(pdftex.def)             Requested size: 337.26045pt x 252.94533pt.
File: A1outputFF1earlySame.png Graphic file (type png)
 <use A1outputFF1earlySame.png>
Package pdftex.def Info: A1outputFF1earlySame.png used on input line 167.
(pdftex.def)             Requested size: 337.26045pt x 252.94533pt.
File: A1confussionFF1early.png Graphic file (type png)

<use A1confussionFF1early.png>
Package pdftex.def Info: A1confussionFF1early.png used on input line 174.
(pdftex.def)             Requested size: 263.48257pt x 264.00954pt.


LaTeX Warning: `!h' float specifier changed to `!ht'.

<A1outputFF2earlyRandom50000.png, id=45, 421.575pt x 316.18124pt>
File: A1outputFF2earlyRandom50000.png Graphic file (type png)

<use A1outputFF2earlyRandom50000.png>
Package pdftex.def Info: A1outputFF2earlyRandom50000.png used on input line 181
.
(pdftex.def)             Requested size: 337.26045pt x 252.94533pt.


LaTeX Warning: `!h' float specifier changed to `!ht'.

[8 <./A1performanceFF2early.png>]

LaTeX Warning: Text page 9 contains only floats.

[9 <./A1outputFF2earlyRandom50000.png (PNG copy)>]
<A1performanceFF2.png, id=52, 422.32782pt x 316.18124pt>
File: A1performanceFF2.png Graphic file (type png)

<use A1performanceFF2.png>
Package pdftex.def Info: A1performanceFF2.png used on input line 192.
(pdftex.def)             Requested size: 337.8627pt x 252.94533pt.
File: A1outputFF1earlySame.png Graphic file (type png)
 <use A1outputFF1earlySame.png>
Package pdftex.def Info: A1outputFF1earlySame.png used on input line 199.
(pdftex.def)             Requested size: 337.26045pt x 252.94533pt.
File: A1confussionFF1early.png Graphic file (type png)

<use A1confussionFF1early.png>
Package pdftex.def Info: A1confussionFF1early.png used on input line 206.
(pdftex.def)             Requested size: 263.48257pt x 264.00954pt.


LaTeX Warning: `!h' float specifier changed to `!ht'.

<A1outputFF2Random50000.png, id=53, 421.575pt x 316.18124pt>
File: A1outputFF2Random50000.png Graphic file (type png)

<use A1outputFF2Random50000.png>
Package pdftex.def Info: A1outputFF2Random50000.png used on input line 213.
(pdftex.def)             Requested size: 337.26045pt x 252.94533pt.


LaTeX Warning: `!h' float specifier changed to `!ht'.

[10 <./A1performanceFF2.png>]

LaTeX Warning: Text page 11 contains only floats.

[11 <./A1outputFF2Random50000.png (PNG copy)>]
<A1performanceFF3early.png, id=60, 420.82219pt x 315.42844pt>
File: A1performanceFF3early.png Graphic file (type png)

<use A1performanceFF3early.png>
Package pdftex.def Info: A1performanceFF3early.png used on input line 232.
(pdftex.def)             Requested size: 336.6582pt x 252.34308pt.
File: A1outputFF1earlySame.png Graphic file (type png)
 <use A1outputFF1earlySame.png>
Package pdftex.def Info: A1outputFF1earlySame.png used on input line 239.
(pdftex.def)             Requested size: 337.26045pt x 252.94533pt.
File: A1confussionFF1early.png Graphic file (type png)

<use A1confussionFF1early.png>
Package pdftex.def Info: A1confussionFF1early.png used on input line 246.
(pdftex.def)             Requested size: 263.48257pt x 264.00954pt.


LaTeX Warning: `!h' float specifier changed to `!ht'.

<A1outputFF3earlyRandom50000.png, id=61, 421.575pt x 316.18124pt>
File: A1outputFF3earlyRandom50000.png Graphic file (type png)

<use A1outputFF3earlyRandom50000.png>
Package pdftex.def Info: A1outputFF3earlyRandom50000.png used on input line 253
.
(pdftex.def)             Requested size: 337.26045pt x 252.94533pt.


LaTeX Warning: `!h' float specifier changed to `!ht'.

[12 <./A1performanceFF3early.png>]

LaTeX Warning: Text page 13 contains only floats.

[13 <./A1outputFF3earlyRandom50000.png (PNG copy)>]
<A1performanceFF3.png, id=69, 421.575pt x 314.67563pt>
File: A1performanceFF3.png Graphic file (type png)

<use A1performanceFF3.png>
Package pdftex.def Info: A1performanceFF3.png used on input line 264.
(pdftex.def)             Requested size: 337.26045pt x 251.74083pt.
File: A1outputFF1earlySame.png Graphic file (type png)
 <use A1outputFF1earlySame.png>
Package pdftex.def Info: A1outputFF1earlySame.png used on input line 271.
(pdftex.def)             Requested size: 337.26045pt x 252.94533pt.
File: A1confussionFF1early.png Graphic file (type png)

<use A1confussionFF1early.png>
Package pdftex.def Info: A1confussionFF1early.png used on input line 278.
(pdftex.def)             Requested size: 263.48257pt x 264.00954pt.


LaTeX Warning: `!h' float specifier changed to `!ht'.

<A1outputFF3Random50000.png, id=70, 421.575pt x 316.18124pt>
File: A1outputFF3Random50000.png Graphic file (type png)

<use A1outputFF3Random50000.png>
Package pdftex.def Info: A1outputFF3Random50000.png used on input line 285.
(pdftex.def)             Requested size: 337.26045pt x 252.94533pt.


LaTeX Warning: `!h' float specifier changed to `!ht'.

[14 <./A1performanceFF3.png>]

LaTeX Warning: Text page 15 contains only floats.

[15 <./A1outputFF3Random50000.png (PNG copy)>]
<A1performanceFF4early.png, id=77, 412.54124pt x 310.15875pt>
File: A1performanceFF4early.png Graphic file (type png)

<use A1performanceFF4early.png>
Package pdftex.def Info: A1performanceFF4early.png used on input line 305.
(pdftex.def)             Requested size: 330.03345pt x 248.12733pt.
File: A1outputFF1earlySame.png Graphic file (type png)
 <use A1outputFF1earlySame.png>
Package pdftex.def Info: A1outputFF1earlySame.png used on input line 312.
(pdftex.def)             Requested size: 337.26045pt x 252.94533pt.
File: A1confussionFF1early.png Graphic file (type png)

<use A1confussionFF1early.png>
Package pdftex.def Info: A1confussionFF1early.png used on input line 319.
(pdftex.def)             Requested size: 263.48257pt x 264.00954pt.


LaTeX Warning: `!h' float specifier changed to `!ht'.

<A1outputFF4earlyRandom50000.png, id=78, 421.575pt x 316.18124pt>
File: A1outputFF4earlyRandom50000.png Graphic file (type png)

<use A1outputFF4earlyRandom50000.png>
Package pdftex.def Info: A1outputFF4earlyRandom50000.png used on input line 326
.
(pdftex.def)             Requested size: 337.26045pt x 252.94533pt.


LaTeX Warning: `!h' float specifier changed to `!ht'.

[16 <./A1performanceFF4early.png>]

LaTeX Warning: Text page 17 contains only floats.

[17 <./A1outputFF4earlyRandom50000.png (PNG copy)>]
<A1performanceFF4.png, id=85, 421.575pt x 315.42844pt>
File: A1performanceFF4.png Graphic file (type png)

<use A1performanceFF4.png>
Package pdftex.def Info: A1performanceFF4.png used on input line 337.
(pdftex.def)             Requested size: 337.26045pt x 252.34308pt.
File: A1outputFF1earlySame.png Graphic file (type png)
 <use A1outputFF1earlySame.png>
Package pdftex.def Info: A1outputFF1earlySame.png used on input line 344.
(pdftex.def)             Requested size: 337.26045pt x 252.94533pt.
File: A1confussionFF1early.png Graphic file (type png)

<use A1confussionFF1early.png>
Package pdftex.def Info: A1confussionFF1early.png used on input line 351.
(pdftex.def)             Requested size: 263.48257pt x 264.00954pt.


LaTeX Warning: `!h' float specifier changed to `!ht'.

<A1outputFF4Random50000.png, id=86, 421.575pt x 316.18124pt>
File: A1outputFF4Random50000.png Graphic file (type png)

<use A1outputFF4Random50000.png>
Package pdftex.def Info: A1outputFF4Random50000.png used on input line 358.
(pdftex.def)             Requested size: 337.26045pt x 252.94533pt.


LaTeX Warning: `!h' float specifier changed to `!ht'.

[18 <./A1performanceFF4.png>]

LaTeX Warning: Text page 19 contains only floats.

[19 <./A1outputFF4Random50000.png (PNG copy)>]
<B1input.png, id=94, 421.575pt x 316.18124pt>
File: B1input.png Graphic file (type png)
 <use B1input.png>
Package pdftex.def Info: B1input.png used on input line 381.
(pdftex.def)             Requested size: 421.57396pt x 316.18047pt.
 [20 <./B1input.png (PNG copy)>]
<B1performancePerceptron.png, id=98, 420.06938pt x 315.42844pt>
File: B1performancePerceptron.png Graphic file (type png)

<use B1performancePerceptron.png>
Package pdftex.def Info: B1performancePerceptron.png used on input line 399.
(pdftex.def)             Requested size: 336.05597pt x 252.34308pt.

<B1outputPerceptronSame.png, id=99, 421.575pt x 316.18124pt>
File: B1outputPerceptronSame.png Graphic file (type png)

<use B1outputPerceptronSame.png>
Package pdftex.def Info: B1outputPerceptronSame.png used on input line 406.
(pdftex.def)             Requested size: 337.26045pt x 252.94533pt.

<B1confussionPerceptron.png, id=100, 374.90062pt x 374.90062pt>
File: B1confussionPerceptron.png Graphic file (type png)

<use B1confussionPerceptron.png>
Package pdftex.def Info: B1confussionPerceptron.png used on input line 413.
(pdftex.def)             Requested size: 262.42863pt x 262.42863pt.


LaTeX Warning: `!h' float specifier changed to `!ht'.

<B1outputPerceptronRandom50000.png, id=101, 421.575pt x 316.18124pt>
File: B1outputPerceptronRandom50000.png Graphic file (type png)

<use B1outputPerceptronRandom50000.png>
Package pdftex.def Info: B1outputPerceptronRandom50000.png used on input line 4
20.
(pdftex.def)             Requested size: 337.26045pt x 252.94533pt.


LaTeX Warning: `!h' float specifier changed to `!ht'.

[21 <./B1performancePerceptron.png> <./B1outputPerceptronSame.png (PNG copy)>]

LaTeX Warning: Text page 22 contains only floats.

[22 <./B1confussionPerceptron.png> <./B1outputPerceptronRandom50000.png (PNG co
py)>] <B1performanceFF1early.png, id=108, 420.06938pt x 313.9228pt>
File: B1performanceFF1early.png Graphic file (type png)

<use B1performanceFF1early.png>
Package pdftex.def Info: B1performanceFF1early.png used on input line 440.
(pdftex.def)             Requested size: 336.05597pt x 251.13857pt.

<B1outputFF1earlySame.png, id=109, 421.575pt x 316.18124pt>
File: B1outputFF1earlySame.png Graphic file (type png)

<use B1outputFF1earlySame.png>
Package pdftex.def Info: B1outputFF1earlySame.png used on input line 447.
(pdftex.def)             Requested size: 337.26045pt x 252.94533pt.

<B1confussionFF1early.png, id=110, 374.90062pt x 373.395pt>
File: B1confussionFF1early.png Graphic file (type png)

<use B1confussionFF1early.png>
Package pdftex.def Info: B1confussionFF1early.png used on input line 454.
(pdftex.def)             Requested size: 262.42863pt x 261.37471pt.


LaTeX Warning: `!h' float specifier changed to `!ht'.

<B1outputFF1earlyRandom50000.png, id=111, 421.575pt x 316.18124pt>
File: B1outputFF1earlyRandom50000.png Graphic file (type png)

<use B1outputFF1earlyRandom50000.png>
Package pdftex.def Info: B1outputFF1earlyRandom50000.png used on input line 461
.
(pdftex.def)             Requested size: 337.26045pt x 252.94533pt.


LaTeX Warning: `!h' float specifier changed to `!ht'.

[23 <./B1performanceFF1early.png> <./B1outputFF1earlySame.png (PNG copy)>]

LaTeX Warning: Text page 24 contains only floats.

[24 <./B1confussionFF1early.png> <./B1outputFF1earlyRandom50000.png (PNG copy)>
] <B1performanceFF1.png, id=119, 420.82219pt x 312.41719pt>
File: B1performanceFF1.png Graphic file (type png)

<use B1performanceFF1.png>
Package pdftex.def Info: B1performanceFF1.png used on input line 472.
(pdftex.def)             Requested size: 336.6582pt x 249.93408pt.

<B1outputFF1Same.png, id=120, 421.575pt x 316.18124pt>
File: B1outputFF1Same.png Graphic file (type png)

<use B1outputFF1Same.png>
Package pdftex.def Info: B1outputFF1Same.png used on input line 479.
(pdftex.def)             Requested size: 337.26045pt x 252.94533pt.

<B1confussionFF1.png, id=121, 371.13657pt x 371.88937pt>
File: B1confussionFF1.png Graphic file (type png)

<use B1confussionFF1.png>
Package pdftex.def Info: B1confussionFF1.png used on input line 486.
(pdftex.def)             Requested size: 259.79381pt x 260.32079pt.


LaTeX Warning: `!h' float specifier changed to `!ht'.

<B1outputFF1Random50000.png, id=122, 421.575pt x 316.18124pt>
File: B1outputFF1Random50000.png Graphic file (type png)

<use B1outputFF1Random50000.png>
Package pdftex.def Info: B1outputFF1Random50000.png used on input line 493.
(pdftex.def)             Requested size: 337.26045pt x 252.94533pt.


LaTeX Warning: `!h' float specifier changed to `!ht'.

[25 <./B1performanceFF1.png> <./B1outputFF1Same.png (PNG copy)>]

LaTeX Warning: Text page 26 contains only floats.

[26 <./B1confussionFF1.png> <./B1outputFF1Random50000.png (PNG copy)>]
<B1performanceFF2early.png, id=129, 416.30531pt x 312.41719pt>
File: B1performanceFF2early.png Graphic file (type png)

<use B1performanceFF2early.png>
Package pdftex.def Info: B1performanceFF2early.png used on input line 512.
(pdftex.def)             Requested size: 333.0447pt x 249.93408pt.

<B1outputFF2earlySame.png, id=130, 421.575pt x 316.18124pt>
File: B1outputFF2earlySame.png Graphic file (type png)

<use B1outputFF2earlySame.png>
Package pdftex.def Info: B1outputFF2earlySame.png used on input line 519.
(pdftex.def)             Requested size: 337.26045pt x 252.94533pt.

<B1confussionFF2early.png, id=131, 372.64218pt x 374.14781pt>
File: B1confussionFF2early.png Graphic file (type png)

<use B1confussionFF2early.png>
Package pdftex.def Info: B1confussionFF2early.png used on input line 526.
(pdftex.def)             Requested size: 260.84775pt x 261.90167pt.


LaTeX Warning: `!h' float specifier changed to `!ht'.

<B1outputFF2earlyRandom50000.png, id=132, 421.575pt x 316.18124pt>
File: B1outputFF2earlyRandom50000.png Graphic file (type png)

<use B1outputFF2earlyRandom50000.png>
Package pdftex.def Info: B1outputFF2earlyRandom50000.png used on input line 533
.
(pdftex.def)             Requested size: 337.26045pt x 252.94533pt.


LaTeX Warning: `!h' float specifier changed to `!ht'.

[27 <./B1performanceFF2early.png> <./B1outputFF2earlySame.png (PNG copy)>]

LaTeX Warning: Text page 28 contains only floats.

[28 <./B1confussionFF2early.png> <./B1outputFF2earlyRandom50000.png (PNG copy)>
] <B1performanceFF2.png, id=139, 420.82219pt x 315.42844pt>
File: B1performanceFF2.png Graphic file (type png)

<use B1performanceFF2.png>
Package pdftex.def Info: B1performanceFF2.png used on input line 544.
(pdftex.def)             Requested size: 336.6582pt x 252.34308pt.

<B1outputFF2Same.png, id=140, 421.575pt x 316.18124pt>
File: B1outputFF2Same.png Graphic file (type png)

<use B1outputFF2Same.png>
Package pdftex.def Info: B1outputFF2Same.png used on input line 551.
(pdftex.def)             Requested size: 337.26045pt x 252.94533pt.

<B1confussionFF2.png, id=141, 374.90062pt x 374.14781pt>
File: B1confussionFF2.png Graphic file (type png)

<use B1confussionFF2.png>
Package pdftex.def Info: B1confussionFF2.png used on input line 558.
(pdftex.def)             Requested size: 262.42863pt x 261.90167pt.


LaTeX Warning: `!h' float specifier changed to `!ht'.

<B1outputFF2Random50000.png, id=142, 421.575pt x 316.18124pt>
File: B1outputFF2Random50000.png Graphic file (type png)

<use B1outputFF2Random50000.png>
Package pdftex.def Info: B1outputFF2Random50000.png used on input line 565.
(pdftex.def)             Requested size: 337.26045pt x 252.94533pt.


LaTeX Warning: `!h' float specifier changed to `!ht'.

[29 <./B1performanceFF2.png> <./B1outputFF2Same.png (PNG copy)>]

LaTeX Warning: Text page 30 contains only floats.

[30 <./B1confussionFF2.png> <./B1outputFF2Random50000.png (PNG copy)>]
<B1performanceFF3early.png, id=150, 421.575pt x 316.18124pt>
File: B1performanceFF3early.png Graphic file (type png)

<use B1performanceFF3early.png>
Package pdftex.def Info: B1performanceFF3early.png used on input line 584.
(pdftex.def)             Requested size: 337.26045pt x 252.94533pt.

<B1outputFF3earlySame.png, id=151, 421.575pt x 316.18124pt>
File: B1outputFF3earlySame.png Graphic file (type png)

<use B1outputFF3earlySame.png>
Package pdftex.def Info: B1outputFF3earlySame.png used on input line 591.
(pdftex.def)             Requested size: 337.26045pt x 252.94533pt.

<B1confussionFF3early.png, id=152, 373.395pt x 373.395pt>
File: B1confussionFF3early.png Graphic file (type png)

<use B1confussionFF3early.png>
Package pdftex.def Info: B1confussionFF3early.png used on input line 598.
(pdftex.def)             Requested size: 261.37471pt x 261.37471pt.


LaTeX Warning: `!h' float specifier changed to `!ht'.

<B1outputFF3earlyRandom50000.png, id=153, 421.575pt x 316.18124pt>
File: B1outputFF3earlyRandom50000.png Graphic file (type png)

<use B1outputFF3earlyRandom50000.png>
Package pdftex.def Info: B1outputFF3earlyRandom50000.png used on input line 605
.
(pdftex.def)             Requested size: 337.26045pt x 252.94533pt.


LaTeX Warning: `!h' float specifier changed to `!ht'.

[31 <./B1performanceFF3early.png> <./B1outputFF3earlySame.png (PNG copy)>]

LaTeX Warning: Text page 32 contains only floats.

[32 <./B1confussionFF3early.png> <./B1outputFF3earlyRandom50000.png (PNG copy)>
] <B1performanceFF3.png, id=160, 419.31656pt x 314.67563pt>
File: B1performanceFF3.png Graphic file (type png)

<use B1performanceFF3.png>
Package pdftex.def Info: B1performanceFF3.png used on input line 616.
(pdftex.def)             Requested size: 335.45369pt x 251.74083pt.

<B1outputFF3Same.png, id=161, 421.575pt x 316.18124pt>
File: B1outputFF3Same.png Graphic file (type png)

<use B1outputFF3Same.png>
Package pdftex.def Info: B1outputFF3Same.png used on input line 623.
(pdftex.def)             Requested size: 337.26045pt x 252.94533pt.

<B1confussionFF3.png, id=162, 376.40625pt x 374.90062pt>
File: B1confussionFF3.png Graphic file (type png)

<use B1confussionFF3.png>
Package pdftex.def Info: B1confussionFF3.png used on input line 630.
(pdftex.def)             Requested size: 263.48257pt x 262.42863pt.


LaTeX Warning: `!h' float specifier changed to `!ht'.

<B1outputFF3Random50000.png, id=163, 421.575pt x 316.18124pt>
File: B1outputFF3Random50000.png Graphic file (type png)

<use B1outputFF3Random50000.png>
Package pdftex.def Info: B1outputFF3Random50000.png used on input line 637.
(pdftex.def)             Requested size: 337.26045pt x 252.94533pt.


LaTeX Warning: `!h' float specifier changed to `!ht'.

[33 <./B1performanceFF3.png> <./B1outputFF3Same.png (PNG copy)>]

LaTeX Warning: Text page 34 contains only floats.

[34 <./B1confussionFF3.png> <./B1outputFF3Random50000.png (PNG copy)>]
<B1performanceFF4early.png, id=170, 419.31656pt x 313.9228pt>
File: B1performanceFF4early.png Graphic file (type png)

<use B1performanceFF4early.png>
Package pdftex.def Info: B1performanceFF4early.png used on input line 657.
(pdftex.def)             Requested size: 335.45369pt x 251.13857pt.

<B1outputFF4earlySame.png, id=171, 421.575pt x 316.18124pt>
File: B1outputFF4earlySame.png Graphic file (type png)

<use B1outputFF4earlySame.png>
Package pdftex.def Info: B1outputFF4earlySame.png used on input line 664.
(pdftex.def)             Requested size: 337.26045pt x 252.94533pt.

<B1confussionFF4early.png, id=172, 373.395pt x 374.14781pt>
File: B1confussionFF4early.png Graphic file (type png)

<use B1confussionFF4early.png>
Package pdftex.def Info: B1confussionFF4early.png used on input line 671.
(pdftex.def)             Requested size: 261.37471pt x 261.90167pt.


LaTeX Warning: `!h' float specifier changed to `!ht'.

<B1outputFF4earlyRandom50000.png, id=173, 421.575pt x 316.18124pt>
File: B1outputFF4earlyRandom50000.png Graphic file (type png)

<use B1outputFF4earlyRandom50000.png>
Package pdftex.def Info: B1outputFF4earlyRandom50000.png used on input line 678
.
(pdftex.def)             Requested size: 337.26045pt x 252.94533pt.


LaTeX Warning: `!h' float specifier changed to `!ht'.

[35 <./B1performanceFF4early.png> <./B1outputFF4earlySame.png (PNG copy)>]

LaTeX Warning: Text page 36 contains only floats.

[36 <./B1confussionFF4early.png> <./B1outputFF4earlyRandom50000.png (PNG copy)>
] <B1performanceFF4.png, id=181, 421.575pt x 316.93407pt>
File: B1performanceFF4.png Graphic file (type png)

<use B1performanceFF4.png>
Package pdftex.def Info: B1performanceFF4.png used on input line 689.
(pdftex.def)             Requested size: 337.26045pt x 253.54759pt.

<B1outputFF4Same.png, id=182, 421.575pt x 316.18124pt>
File: B1outputFF4Same.png Graphic file (type png)

<use B1outputFF4Same.png>
Package pdftex.def Info: B1outputFF4Same.png used on input line 696.
(pdftex.def)             Requested size: 337.26045pt x 252.94533pt.

<B1confussionFF4.png, id=183, 373.395pt x 374.14781pt>
File: B1confussionFF4.png Graphic file (type png)

<use B1confussionFF4.png>
Package pdftex.def Info: B1confussionFF4.png used on input line 703.
(pdftex.def)             Requested size: 261.37471pt x 261.90167pt.


LaTeX Warning: `!h' float specifier changed to `!ht'.

<B1outputFF4Random50000.png, id=184, 422.32782pt x 316.18124pt>
File: B1outputFF4Random50000.png Graphic file (type png)

<use B1outputFF4Random50000.png>
Package pdftex.def Info: B1outputFF4Random50000.png used on input line 710.
(pdftex.def)             Requested size: 337.8627pt x 252.94533pt.


LaTeX Warning: `!h' float specifier changed to `!ht'.

[37 <./B1performanceFF4.png> <./B1outputFF4Same.png (PNG copy)>]

LaTeX Warning: Text page 38 contains only floats.

[38 <./B1confussionFF4.png> <./B1outputFF4Random50000.png (PNG copy)>]
(./izvestaj.aux) ) 
Here is how much of TeX's memory you used:
 1823 strings out of 495025
 30091 string characters out of 6181515
 74077 words of memory out of 5000000
 4983 multiletter control sequences out of 15000+600000
 7907 words of font info for 27 fonts, out of 8000000 for 9000
 14 hyphenation exceptions out of 8191
 37i,7n,23p,241b,450s stack positions out of 5000i,500n,10000p,200000b,80000s
{/usr/share/texlive/texmf-dist/fonts/enc/dvips/cm-super/cm-su
per-t1.enc}</usr/share/texlive/texmf-dist/fonts/type1/public/amsfonts/cm/cmr10.
pfb></usr/share/texlive/texmf-dist/fonts/type1/public/amsfonts/cm/cmr12.pfb></u
sr/share/texlive/texmf-dist/fonts/type1/public/amsfonts/cm/cmr17.pfb></usr/shar
e/texlive/texmf-dist/fonts/type1/public/amsfonts/cm/cmtt12.pfb></usr/share/texl
ive/texmf-dist/fonts/type1/public/cm-super/sfrm1200.pfb>
Output written on izvestaj.pdf (39 pages, 714706 bytes).
PDF statistics:
 213 PDF objects out of 1000 (max. 8388607)
 105 compressed objects within 2 object streams
 0 named destinations out of 1000 (max. 500000)
 301 words of extra memory for PDF output out of 10000 (max. 10000000)

